<?xml version="1.0" encoding="utf-8"?><TestRun id="0053a6cc-2354-4d6b-a428-fde0cede27d7" name="Arminder.Singh@SLW10102 2019-01-23 14:19:42" runUser="SPANADC\Arminder.Singh" xmlns="http://microsoft.com/schemas/VisualStudio/TeamTest/2010"><Times creation="2019-01-23T14:19:42.0684336+05:30" queuing="2019-01-23T14:19:42.0684340+05:30" start="2019-01-23T14:19:40.7393733+05:30" finish="2019-01-23T14:19:42.0794998+05:30" /><TestSettings name="default" id="922adf9f-2c46-4770-bc6c-03cab59d1a4d"><Deployment runDeploymentRoot="Arminder.Singh_SLW10102_2019-01-23_14_19_42" /></TestSettings><Results><UnitTestResult executionId="50d6e6a3-f2e9-4d63-a885-6b680fa8da25" testId="42bacef5-e078-c555-6090-6bafbf98914f" testName="TestMethod1" computerName="SLW10102" duration="00:00:00.0070909" startTime="2019-01-23T14:19:41.7746136+05:30" endTime="2019-01-23T14:19:41.8246102+05:30" testType="13cdc9d9-ddb5-4fa4-a97d-d965ccfc6d4b" outcome="Passed" testListId="8c84fa94-04c1-424b-9868-57a2d4851a1d" relativeResultsDirectory="50d6e6a3-f2e9-4d63-a885-6b680fa8da25" /></Results><TestDefinitions><UnitTest name="TestMethod1" storage="d:\blogservice\blogservice.tdd\bin\debug\netcoreapp2.1\blogservice.tdd.dll" id="42bacef5-e078-c555-6090-6bafbf98914f"><Execution id="50d6e6a3-f2e9-4d63-a885-6b680fa8da25" /><TestMethod codeBase="D:\BlogService\blogservice.tdd\bin\Debug\netcoreapp2.1\blogservice.tdd.dll" adapterTypeName="executor://mstestadapter/v2" className="BlogService.TDD.UnitTest1" name="TestMethod1" /></UnitTest></TestDefinitions><TestEntries><TestEntry testId="42bacef5-e078-c555-6090-6bafbf98914f" executionId="50d6e6a3-f2e9-4d63-a885-6b680fa8da25" testListId="8c84fa94-04c1-424b-9868-57a2d4851a1d" /></TestEntries><TestLists><TestList name="Results Not in a List" id="8c84fa94-04c1-424b-9868-57a2d4851a1d" /><TestList name="All Loaded Results" id="19431567-8539-422a-85d7-44ee4e166bda" /></TestLists><ResultSummary outcome="Completed"><Counters total="1" executed="1" passed="1" failed="0" error="0" timeout="0" aborted="0" inconclusive="0" passedButRunAborted="0" notRunnable="0" notExecuted="0" disconnected="0" warning="0" completed="0" inProgress="0" pending="0" /></ResultSummary></TestRun>