<?xml version="1.0" encoding="utf-8"?><TestRun id="6be0c004-7983-475e-8f27-9aedb8ccbdce" name="Arminder.Singh@SLW10102 2019-01-29 15:54:32" runUser="SPANADC\Arminder.Singh" xmlns="http://microsoft.com/schemas/VisualStudio/TeamTest/2010"><Times creation="2019-01-29T15:54:32.8946334+05:30" queuing="2019-01-29T15:54:32.8946338+05:30" start="2019-01-29T15:54:31.4652046+05:30" finish="2019-01-29T15:54:32.9068016+05:30" /><TestSettings name="default" id="792de681-160e-4f3b-98c5-f53568eab0de"><Deployment runDeploymentRoot="Arminder.Singh_SLW10102_2019-01-29_15_54_32" /></TestSettings><Results><UnitTestResult executionId="28172af0-9d50-4738-b2d1-2a528ed0b50d" testId="d9ac282a-af34-0f77-5c94-7637398e9580" testName="TestMethod1" computerName="SLW10102" duration="00:00:00.0104592" startTime="2019-01-29T15:54:32.4903215+05:30" endTime="2019-01-29T15:54:32.5653107+05:30" testType="13cdc9d9-ddb5-4fa4-a97d-d965ccfc6d4b" outcome="Passed" testListId="8c84fa94-04c1-424b-9868-57a2d4851a1d" relativeResultsDirectory="28172af0-9d50-4738-b2d1-2a528ed0b50d" /></Results><TestDefinitions><UnitTest name="TestMethod1" storage="d:\blogservice\blogservice.tdd\bin\debug\netcoreapp2.1\blogservice.tdd.dll" id="d9ac282a-af34-0f77-5c94-7637398e9580"><Execution id="28172af0-9d50-4738-b2d1-2a528ed0b50d" /><TestMethod codeBase="D:\BlogService\BlogService.TDD\bin\Debug\netcoreapp2.1\BlogService.TDD.dll" adapterTypeName="executor://mstestadapter/v2" className="BlogService.TDD.UnitTest1" name="TestMethod1" /></UnitTest></TestDefinitions><TestEntries><TestEntry testId="d9ac282a-af34-0f77-5c94-7637398e9580" executionId="28172af0-9d50-4738-b2d1-2a528ed0b50d" testListId="8c84fa94-04c1-424b-9868-57a2d4851a1d" /></TestEntries><TestLists><TestList name="Results Not in a List" id="8c84fa94-04c1-424b-9868-57a2d4851a1d" /><TestList name="All Loaded Results" id="19431567-8539-422a-85d7-44ee4e166bda" /></TestLists><ResultSummary outcome="Completed"><Counters total="1" executed="1" passed="1" failed="0" error="0" timeout="0" aborted="0" inconclusive="0" passedButRunAborted="0" notRunnable="0" notExecuted="0" disconnected="0" warning="0" completed="0" inProgress="0" pending="0" /></ResultSummary></TestRun>